[0.006s] Invoking command in '/home/alve/control-sp/control_ws/control_estimation/build/control_estimation': CMAKE_PREFIX_PATH=${CMAKE_PREFIX_PATH}:/home/alve/control-sp/control_ws/install/mapper:/opt/ros/humble /usr/bin/cmake --build /home/alve/control-sp/control_ws/control_estimation/build/control_estimation -- -j20 -l20
[0.031s] [35m[1mConsolidate compiler generated dependencies of target estimation[0m
[0.044s] [ 50%] [32mBuilding CXX object CMakeFiles/estimation.dir/src/estimation.cpp.o[0m
[13.907s] [100%] [32m[1mLinking CXX executable estimation[0m
[14.448s] [100%] Built target estimation
[14.459s] Invoked command in '/home/alve/control-sp/control_ws/control_estimation/build/control_estimation' returned '0': CMAKE_PREFIX_PATH=${CMAKE_PREFIX_PATH}:/home/alve/control-sp/control_ws/install/mapper:/opt/ros/humble /usr/bin/cmake --build /home/alve/control-sp/control_ws/control_estimation/build/control_estimation -- -j20 -l20
[14.478s] Invoking command in '/home/alve/control-sp/control_ws/control_estimation/build/control_estimation': CMAKE_PREFIX_PATH=${CMAKE_PREFIX_PATH}:/home/alve/control-sp/control_ws/install/mapper:/opt/ros/humble /usr/bin/cmake --install /home/alve/control-sp/control_ws/control_estimation/build/control_estimation
[14.482s] -- Install configuration: ""
[14.482s] -- Execute custom install script
[14.482s] -- Up-to-date symlink: /home/alve/control-sp/control_ws/control_estimation/install/control_estimation/lib/control_estimation/estimation
[14.482s] -- Up-to-date symlink: /home/alve/control-sp/control_ws/control_estimation/install/control_estimation/share/ament_index/resource_index/package_run_dependencies/control_estimation
[14.482s] -- Up-to-date symlink: /home/alve/control-sp/control_ws/control_estimation/install/control_estimation/share/ament_index/resource_index/parent_prefix_path/control_estimation
[14.482s] -- Up-to-date symlink: /home/alve/control-sp/control_ws/control_estimation/install/control_estimation/share/control_estimation/environment/ament_prefix_path.sh
[14.482s] -- Up-to-date symlink: /home/alve/control-sp/control_ws/control_estimation/install/control_estimation/share/control_estimation/environment/ament_prefix_path.dsv
[14.482s] -- Up-to-date symlink: /home/alve/control-sp/control_ws/control_estimation/install/control_estimation/share/control_estimation/environment/path.sh
[14.482s] -- Up-to-date symlink: /home/alve/control-sp/control_ws/control_estimation/install/control_estimation/share/control_estimation/environment/path.dsv
[14.482s] -- Up-to-date symlink: /home/alve/control-sp/control_ws/control_estimation/install/control_estimation/share/control_estimation/local_setup.bash
[14.483s] -- Up-to-date symlink: /home/alve/control-sp/control_ws/control_estimation/install/control_estimation/share/control_estimation/local_setup.sh
[14.483s] -- Up-to-date symlink: /home/alve/control-sp/control_ws/control_estimation/install/control_estimation/share/control_estimation/local_setup.zsh
[14.483s] -- Up-to-date symlink: /home/alve/control-sp/control_ws/control_estimation/install/control_estimation/share/control_estimation/local_setup.dsv
[14.483s] -- Symlinking: /home/alve/control-sp/control_ws/control_estimation/install/control_estimation/share/control_estimation/package.dsv
[14.487s] -- Up-to-date symlink: /home/alve/control-sp/control_ws/control_estimation/install/control_estimation/share/ament_index/resource_index/packages/control_estimation
[14.488s] -- Up-to-date symlink: /home/alve/control-sp/control_ws/control_estimation/install/control_estimation/share/control_estimation/cmake/control_estimationConfig.cmake
[14.488s] -- Up-to-date symlink: /home/alve/control-sp/control_ws/control_estimation/install/control_estimation/share/control_estimation/cmake/control_estimationConfig-version.cmake
[14.488s] -- Up-to-date symlink: /home/alve/control-sp/control_ws/control_estimation/install/control_estimation/share/control_estimation/package.xml
[14.489s] Invoked command in '/home/alve/control-sp/control_ws/control_estimation/build/control_estimation' returned '0': CMAKE_PREFIX_PATH=${CMAKE_PREFIX_PATH}:/home/alve/control-sp/control_ws/install/mapper:/opt/ros/humble /usr/bin/cmake --install /home/alve/control-sp/control_ws/control_estimation/build/control_estimation
