[0.006s] Invoking command in '/home/alve/control-sp/control_ws/control_estimation/build/control_estimation': CMAKE_PREFIX_PATH=${CMAKE_PREFIX_PATH}:/home/alve/control-sp/control_ws/install/mapper:/opt/ros/humble /usr/bin/cmake /home/alve/control-sp/control_ws/control_estimation -DCMAKE_EXPORT_COMPILE_COMMANDS=ON -DCMAKE_INSTALL_PREFIX=/home/alve/control-sp/control_ws/control_estimation/install/control_estimation
[0.013s] -- Found ament_cmake: 1.3.9 (/opt/ros/humble/share/ament_cmake/cmake)
[0.080s] -- Override CMake install command with custom implementation using symlinks instead of copying resources
[0.084s] -- Found rclcpp: 16.0.9 (/opt/ros/humble/share/rclcpp/cmake)
[0.099s] -- Found rosidl_generator_c: 3.1.5 (/opt/ros/humble/share/rosidl_generator_c/cmake)
[0.101s] -- Found rosidl_adapter: 3.1.5 (/opt/ros/humble/share/rosidl_adapter/cmake)
[0.104s] -- Found rosidl_generator_cpp: 3.1.5 (/opt/ros/humble/share/rosidl_generator_cpp/cmake)
[0.110s] -- Using all available rosidl_typesupport_c: rosidl_typesupport_fastrtps_c;rosidl_typesupport_introspection_c
[0.118s] -- Using all available rosidl_typesupport_cpp: rosidl_typesupport_fastrtps_cpp;rosidl_typesupport_introspection_cpp
[0.149s] -- Found rmw_implementation_cmake: 6.1.2 (/opt/ros/humble/share/rmw_implementation_cmake/cmake)
[0.150s] -- Found rmw_fastrtps_cpp: 6.2.6 (/opt/ros/humble/share/rmw_fastrtps_cpp/cmake)
[0.210s] -- Using RMW implementation 'rmw_fastrtps_cpp' as default
[0.294s] -- Found ament_lint_auto: 0.12.11 (/opt/ros/humble/share/ament_lint_auto/cmake)
[0.331s] -- Configuring incomplete, errors occurred!
[0.331s] See also "/home/alve/control-sp/control_ws/control_estimation/build/control_estimation/CMakeFiles/CMakeOutput.log".
[0.331s] [31mCMake Error at /opt/ros/humble/share/ament_cmake_core/cmake/symlink_install/ament_cmake_symlink_install_targets.cmake:67 (message):
[0.331s]   ament_cmake_symlink_install_targets() 'listen' is not a target
[0.331s] Call Stack (most recent call first):
[0.331s]   /opt/ros/humble/share/ament_cmake_core/cmake/symlink_install/install.cmake:37 (ament_cmake_symlink_install_targets)
[0.331s]   CMakeLists.txt:30 (install)
[0.331s] 
[0.331s] [0m
[0.337s] Invoked command in '/home/alve/control-sp/control_ws/control_estimation/build/control_estimation' returned '1': CMAKE_PREFIX_PATH=${CMAKE_PREFIX_PATH}:/home/alve/control-sp/control_ws/install/mapper:/opt/ros/humble /usr/bin/cmake /home/alve/control-sp/control_ws/control_estimation -DCMAKE_EXPORT_COMPILE_COMMANDS=ON -DCMAKE_INSTALL_PREFIX=/home/alve/control-sp/control_ws/control_estimation/install/control_estimation
