[0.006s] Invoking command in '/home/alve/control-sp/control_ws/control_estimation/build/control_estimation': CMAKE_PREFIX_PATH=${CMAKE_PREFIX_PATH}:/home/alve/control-sp/control_ws/install/mapper:/opt/ros/humble /usr/bin/cmake /home/alve/control-sp/control_ws/control_estimation -DCMAKE_INSTALL_PREFIX=/home/alve/control-sp/control_ws/control_estimation/install/control_estimation
[0.013s] -- Found ament_cmake: 1.3.9 (/opt/ros/humble/share/ament_cmake/cmake)
[0.081s] -- Override CMake install command with custom implementation using symlinks instead of copying resources
[0.085s] -- Found rclcpp: 16.0.9 (/opt/ros/humble/share/rclcpp/cmake)
[0.100s] -- Found rosidl_generator_c: 3.1.5 (/opt/ros/humble/share/rosidl_generator_c/cmake)
[0.101s] -- Found rosidl_adapter: 3.1.5 (/opt/ros/humble/share/rosidl_adapter/cmake)
[0.104s] -- Found rosidl_generator_cpp: 3.1.5 (/opt/ros/humble/share/rosidl_generator_cpp/cmake)
[0.110s] -- Using all available rosidl_typesupport_c: rosidl_typesupport_fastrtps_c;rosidl_typesupport_introspection_c
[0.118s] -- Using all available rosidl_typesupport_cpp: rosidl_typesupport_fastrtps_cpp;rosidl_typesupport_introspection_cpp
[0.150s] -- Found rmw_implementation_cmake: 6.1.2 (/opt/ros/humble/share/rmw_implementation_cmake/cmake)
[0.150s] -- Found rmw_fastrtps_cpp: 6.2.6 (/opt/ros/humble/share/rmw_fastrtps_cpp/cmake)
[0.211s] -- Using RMW implementation 'rmw_fastrtps_cpp' as default
[0.295s] -- Found visualization_msgs: 4.2.4 (/opt/ros/humble/share/visualization_msgs/cmake)
[0.434s] -- Found ament_lint_auto: 0.12.11 (/opt/ros/humble/share/ament_lint_auto/cmake)
[0.478s] -- Added test 'cppcheck' to perform static code analysis on C / C++ code
[0.478s] -- Configured cppcheck include dirs: 
[0.478s] -- Configured cppcheck exclude dirs and/or files: 
[0.479s] -- Added test 'flake8' to check Python code syntax and style conventions
[0.481s] -- Added test 'lint_cmake' to check CMake code style
[0.481s] -- Added test 'pep257' to check Python code against some of the docstring style conventions in PEP 257
[0.486s] -- Added test 'uncrustify' to check C / C++ code style
[0.486s] -- Configured uncrustify additional arguments: 
[0.487s] -- Added test 'xmllint' to check XML markup files
[0.487s] -- Configuring done
[0.492s] -- Generating done
[0.493s] -- Build files have been written to: /home/alve/control-sp/control_ws/control_estimation/build/control_estimation
[0.498s] Invoked command in '/home/alve/control-sp/control_ws/control_estimation/build/control_estimation' returned '0': CMAKE_PREFIX_PATH=${CMAKE_PREFIX_PATH}:/home/alve/control-sp/control_ws/install/mapper:/opt/ros/humble /usr/bin/cmake /home/alve/control-sp/control_ws/control_estimation -DCMAKE_INSTALL_PREFIX=/home/alve/control-sp/control_ws/control_estimation/install/control_estimation
[0.499s] Invoking command in '/home/alve/control-sp/control_ws/control_estimation/build/control_estimation': CMAKE_PREFIX_PATH=${CMAKE_PREFIX_PATH}:/home/alve/control-sp/control_ws/install/mapper:/opt/ros/humble /usr/bin/cmake --build /home/alve/control-sp/control_ws/control_estimation/build/control_estimation -- -j20 -l20
[0.519s] [35m[1mConsolidate compiler generated dependencies of target estimation[0m
[0.528s] [ 50%] [32mBuilding CXX object CMakeFiles/estimation.dir/src/estimation.cpp.o[0m
[1.716s] [01m[K/home/alve/control-sp/control_ws/control_estimation/src/estimation.cpp:[m[K In constructor ‘[01m[KEstimation::Estimation()[m[K’:
[1.716s] [01m[K/home/alve/control-sp/control_ws/control_estimation/src/estimation.cpp:13:144:[m[K [01;31m[Kerror: [m[Kno match for ‘[01m[Koperator=[m[K’ (operand types are ‘[01m[Krclcpp::Subscription<std_msgs::msg::String_<std::allocator<void> > >::SharedPtr[m[K’ {aka ‘[01m[Kstd::shared_ptr<rclcpp::Subscription<std_msgs::msg::String_<std::allocator<void> > > >[m[K’} and ‘[01m[Kstd::shared_ptr<rclcpp::Subscription<visualization_msgs::msg::Marker_<std::allocator<void> >, std::allocator<void>, visualization_msgs::msg::Marker_<std::allocator<void> >, visualization_msgs::msg::Marker_<std::allocator<void> >, rclcpp::message_memory_strategy::MessageMemoryStrategy<visualization_msgs::msg::Marker_<std::allocator<void> >, std::allocator<void> > > >[m[K’)
[1.716s]    13 |     subscription_ = this->create_subscription<visualization_msgs::msg::Marker>("/gps/meas", 10, std::bind(&Estimation::kalman_filter, this, _1)[01;31m[K)[m[K;
[1.716s]       |                                                                                                                                                [01;31m[K^[m[K
[1.716s] In file included from [01m[K/usr/include/c++/11/memory:77[m[K,
[1.716s]                  from [01m[K/home/alve/control-sp/control_ws/control_estimation/src/estimation.cpp:1[m[K:
[1.716s] [01m[K/usr/include/c++/11/bits/shared_ptr.h:363:9:[m[K [01;36m[Knote: [m[Kcandidate: ‘[01m[Ktemplate<class _Yp> std::shared_ptr<_Tp>::_Assignable<const std::shared_ptr<_Yp>&> std::shared_ptr<_Tp>::operator=(const std::shared_ptr<_Yp>&) [with _Yp = _Yp; _Tp = rclcpp::Subscription<std_msgs::msg::String_<std::allocator<void> > >][m[K’
[1.716s]   363 |         [01;36m[Koperator[m[K=(const shared_ptr<_Yp>& __r) noexcept
[1.716s]       |         [01;36m[K^~~~~~~~[m[K
[1.716s] [01m[K/usr/include/c++/11/bits/shared_ptr.h:363:9:[m[K [01;36m[Knote: [m[K  template argument deduction/substitution failed:
[1.716s] /usr/include/c++/11/bits/shared_ptr.h: In substitution of ‘[01m[Ktemplate<class _Tp> template<class _Arg> using _Assignable = typename std::enable_if<std::is_assignable<std::__shared_ptr<_Tp>&, _Arg>::value, std::shared_ptr<_Tp>&>::type [with _Arg = const std::shared_ptr<rclcpp::Subscription<visualization_msgs::msg::Marker_<std::allocator<void> >, std::allocator<void>, visualization_msgs::msg::Marker_<std::allocator<void> >, visualization_msgs::msg::Marker_<std::allocator<void> >, rclcpp::message_memory_strategy::MessageMemoryStrategy<visualization_msgs::msg::Marker_<std::allocator<void> >, std::allocator<void> > > >&; _Tp = rclcpp::Subscription<std_msgs::msg::String_<std::allocator<void> > >][m[K’:
[1.716s] [01m[K/usr/include/c++/11/bits/shared_ptr.h:363:2:[m[K   required by substitution of ‘[01m[Ktemplate<class _Yp> std::shared_ptr<rclcpp::Subscription<std_msgs::msg::String_<std::allocator<void> > > >::_Assignable<const std::shared_ptr<_Tp>&> std::shared_ptr<rclcpp::Subscription<std_msgs::msg::String_<std::allocator<void> > > >::operator=<_Yp>(const std::shared_ptr<_Tp>&) [with _Yp = rclcpp::Subscription<visualization_msgs::msg::Marker_<std::allocator<void> >, std::allocator<void>, visualization_msgs::msg::Marker_<std::allocator<void> >, visualization_msgs::msg::Marker_<std::allocator<void> >, rclcpp::message_memory_strategy::MessageMemoryStrategy<visualization_msgs::msg::Marker_<std::allocator<void> >, std::allocator<void> > >][m[K’
[1.716s] [01m[K/home/alve/control-sp/control_ws/control_estimation/src/estimation.cpp:13:144:[m[K   required from here
[1.716s] [01m[K/usr/include/c++/11/bits/shared_ptr.h:130:15:[m[K [01;31m[Kerror: [m[Kno type named ‘[01m[Ktype[m[K’ in ‘[01m[Kstruct std::enable_if<false, std::shared_ptr<rclcpp::Subscription<std_msgs::msg::String_<std::allocator<void> > > >&>[m[K’
[1.716s]   130 |         using [01;31m[K_Assignable[m[K = typename enable_if<
[1.716s]       |               [01;31m[K^~~~~~~~~~~[m[K
[1.716s] [01m[K/usr/include/c++/11/bits/shared_ptr.h:374:9:[m[K [01;36m[Knote: [m[Kcandidate: ‘[01m[Ktemplate<class _Yp> std::shared_ptr<_Tp>::_Assignable<std::auto_ptr<_Up> > std::shared_ptr<_Tp>::operator=(std::auto_ptr<_Up>&&) [with _Yp = _Yp; _Tp = rclcpp::Subscription<std_msgs::msg::String_<std::allocator<void> > >][m[K’
[1.716s]   374 |         [01;36m[Koperator[m[K=(auto_ptr<_Yp>&& __r)
[1.716s]       |         [01;36m[K^~~~~~~~[m[K
[1.716s] [01m[K/usr/include/c++/11/bits/shared_ptr.h:374:9:[m[K [01;36m[Knote: [m[K  template argument deduction/substitution failed:
[1.716s] [01m[K/home/alve/control-sp/control_ws/control_estimation/src/estimation.cpp:13:144:[m[K [01;36m[Knote: [m[K  ‘[01m[Kstd::shared_ptr<rclcpp::Subscription<visualization_msgs::msg::Marker_<std::allocator<void> >, std::allocator<void>, visualization_msgs::msg::Marker_<std::allocator<void> >, visualization_msgs::msg::Marker_<std::allocator<void> >, rclcpp::message_memory_strategy::MessageMemoryStrategy<visualization_msgs::msg::Marker_<std::allocator<void> >, std::allocator<void> > > >[m[K’ is not derived from ‘[01m[Kstd::auto_ptr<_Up>[m[K’
[1.716s]    13 |     subscription_ = this->create_subscription<visualization_msgs::msg::Marker>("/gps/meas", 10, std::bind(&Estimation::kalman_filter, this, _1)[01;36m[K)[m[K;
[1.717s]       |                                                                                                                                                [01;36m[K^[m[K
[1.717s] In file included from [01m[K/usr/include/c++/11/memory:77[m[K,
[1.717s]                  from [01m[K/home/alve/control-sp/control_ws/control_estimation/src/estimation.cpp:1[m[K:
[1.717s] [01m[K/usr/include/c++/11/bits/shared_ptr.h:391:9:[m[K [01;36m[Knote: [m[Kcandidate: ‘[01m[Ktemplate<class _Yp> std::shared_ptr<_Tp>::_Assignable<std::shared_ptr<_Yp> > std::shared_ptr<_Tp>::operator=(std::shared_ptr<_Yp>&&) [with _Yp = _Yp; _Tp = rclcpp::Subscription<std_msgs::msg::String_<std::allocator<void> > >][m[K’
[1.717s]   391 |         [01;36m[Koperator[m[K=(shared_ptr<_Yp>&& __r) noexcept
[1.717s]       |         [01;36m[K^~~~~~~~[m[K
[1.717s] [01m[K/usr/include/c++/11/bits/shared_ptr.h:391:9:[m[K [01;36m[Knote: [m[K  template argument deduction/substitution failed:
[1.717s] /usr/include/c++/11/bits/shared_ptr.h: In substitution of ‘[01m[Ktemplate<class _Tp> template<class _Arg> using _Assignable = typename std::enable_if<std::is_assignable<std::__shared_ptr<_Tp>&, _Arg>::value, std::shared_ptr<_Tp>&>::type [with _Arg = std::shared_ptr<rclcpp::Subscription<visualization_msgs::msg::Marker_<std::allocator<void> >, std::allocator<void>, visualization_msgs::msg::Marker_<std::allocator<void> >, visualization_msgs::msg::Marker_<std::allocator<void> >, rclcpp::message_memory_strategy::MessageMemoryStrategy<visualization_msgs::msg::Marker_<std::allocator<void> >, std::allocator<void> > > >; _Tp = rclcpp::Subscription<std_msgs::msg::String_<std::allocator<void> > >][m[K’:
[1.717s] [01m[K/usr/include/c++/11/bits/shared_ptr.h:391:2:[m[K   required by substitution of ‘[01m[Ktemplate<class _Yp> std::shared_ptr<rclcpp::Subscription<std_msgs::msg::String_<std::allocator<void> > > >::_Assignable<std::shared_ptr<_Tp> > std::shared_ptr<rclcpp::Subscription<std_msgs::msg::String_<std::allocator<void> > > >::operator=<_Yp>(std::shared_ptr<_Tp>&&) [with _Yp = rclcpp::Subscription<visualization_msgs::msg::Marker_<std::allocator<void> >, std::allocator<void>, visualization_msgs::msg::Marker_<std::allocator<void> >, visualization_msgs::msg::Marker_<std::allocator<void> >, rclcpp::message_memory_strategy::MessageMemoryStrategy<visualization_msgs::msg::Marker_<std::allocator<void> >, std::allocator<void> > >][m[K’
[1.717s] [01m[K/home/alve/control-sp/control_ws/control_estimation/src/estimation.cpp:13:144:[m[K   required from here
[1.717s] [01m[K/usr/include/c++/11/bits/shared_ptr.h:130:15:[m[K [01;31m[Kerror: [m[Kno type named ‘[01m[Ktype[m[K’ in ‘[01m[Kstruct std::enable_if<false, std::shared_ptr<rclcpp::Subscription<std_msgs::msg::String_<std::allocator<void> > > >&>[m[K’
[1.717s]   130 |         using [01;31m[K_Assignable[m[K = typename enable_if<
[1.717s]       |               [01;31m[K^~~~~~~~~~~[m[K
[1.717s] [01m[K/usr/include/c++/11/bits/shared_ptr.h:399:9:[m[K [01;36m[Knote: [m[Kcandidate: ‘[01m[Ktemplate<class _Yp, class _Del> std::shared_ptr<_Tp>::_Assignable<std::unique_ptr<_Up, _Ep> > std::shared_ptr<_Tp>::operator=(std::unique_ptr<_Up, _Ep>&&) [with _Yp = _Yp; _Del = _Del; _Tp = rclcpp::Subscription<std_msgs::msg::String_<std::allocator<void> > >][m[K’
[1.717s]   399 |         [01;36m[Koperator[m[K=(unique_ptr<_Yp, _Del>&& __r)
[1.717s]       |         [01;36m[K^~~~~~~~[m[K
[1.717s] [01m[K/usr/include/c++/11/bits/shared_ptr.h:399:9:[m[K [01;36m[Knote: [m[K  template argument deduction/substitution failed:
[1.717s] [01m[K/home/alve/control-sp/control_ws/control_estimation/src/estimation.cpp:13:144:[m[K [01;36m[Knote: [m[K  ‘[01m[Kstd::shared_ptr<rclcpp::Subscription<visualization_msgs::msg::Marker_<std::allocator<void> >, std::allocator<void>, visualization_msgs::msg::Marker_<std::allocator<void> >, visualization_msgs::msg::Marker_<std::allocator<void> >, rclcpp::message_memory_strategy::MessageMemoryStrategy<visualization_msgs::msg::Marker_<std::allocator<void> >, std::allocator<void> > > >[m[K’ is not derived from ‘[01m[Kstd::unique_ptr<_Tp, _Dp>[m[K’
[1.717s]    13 |     subscription_ = this->create_subscription<visualization_msgs::msg::Marker>("/gps/meas", 10, std::bind(&Estimation::kalman_filter, this, _1)[01;36m[K)[m[K;
[1.717s]       |                                                                                                                                                [01;36m[K^[m[K
[1.717s] In file included from [01m[K/usr/include/c++/11/memory:77[m[K,
[1.717s]                  from [01m[K/home/alve/control-sp/control_ws/control_estimation/src/estimation.cpp:1[m[K:
[1.717s] [01m[K/usr/include/c++/11/bits/shared_ptr.h:359:19:[m[K [01;36m[Knote: [m[Kcandidate: ‘[01m[Kstd::shared_ptr<_Tp>& std::shared_ptr<_Tp>::operator=(const std::shared_ptr<_Tp>&) [with _Tp = rclcpp::Subscription<std_msgs::msg::String_<std::allocator<void> > >][m[K’
[1.717s]   359 |       shared_ptr& [01;36m[Koperator[m[K=(const shared_ptr&) noexcept = default;
[1.717s]       |                   [01;36m[K^~~~~~~~[m[K
[1.717s] [01m[K/usr/include/c++/11/bits/shared_ptr.h:359:29:[m[K [01;36m[Knote: [m[K  no known conversion for argument 1 from ‘[01m[Kstd::shared_ptr<rclcpp::Subscription<visualization_msgs::msg::Marker_<std::allocator<void> >, std::allocator<void>, visualization_msgs::msg::Marker_<std::allocator<void> >, visualization_msgs::msg::Marker_<std::allocator<void> >, rclcpp::message_memory_strategy::MessageMemoryStrategy<visualization_msgs::msg::Marker_<std::allocator<void> >, std::allocator<void> > > >[m[K’ to ‘[01m[Kconst std::shared_ptr<rclcpp::Subscription<std_msgs::msg::String_<std::allocator<void> > > >&[m[K’
[1.717s]   359 |       shared_ptr& operator=([01;36m[Kconst shared_ptr&[m[K) noexcept = default;
[1.717s]       |                             [01;36m[K^~~~~~~~~~~~~~~~~[m[K
[1.717s] [01m[K/usr/include/c++/11/bits/shared_ptr.h:383:7:[m[K [01;36m[Knote: [m[Kcandidate: ‘[01m[Kstd::shared_ptr<_Tp>& std::shared_ptr<_Tp>::operator=(std::shared_ptr<_Tp>&&) [with _Tp = rclcpp::Subscription<std_msgs::msg::String_<std::allocator<void> > >][m[K’
[1.717s]   383 |       [01;36m[Koperator[m[K=(shared_ptr&& __r) noexcept
[1.717s]       |       [01;36m[K^~~~~~~~[m[K
[1.717s] [01m[K/usr/include/c++/11/bits/shared_ptr.h:383:30:[m[K [01;36m[Knote: [m[K  no known conversion for argument 1 from ‘[01m[Kstd::shared_ptr<rclcpp::Subscription<visualization_msgs::msg::Marker_<std::allocator<void> >, std::allocator<void>, visualization_msgs::msg::Marker_<std::allocator<void> >, visualization_msgs::msg::Marker_<std::allocator<void> >, rclcpp::message_memory_strategy::MessageMemoryStrategy<visualization_msgs::msg::Marker_<std::allocator<void> >, std::allocator<void> > > >[m[K’ to ‘[01m[Kstd::shared_ptr<rclcpp::Subscription<std_msgs::msg::String_<std::allocator<void> > > >&&[m[K’
[1.717s]   383 |       operator=([01;36m[Kshared_ptr&& __r[m[K) noexcept
[1.717s]       |                 [01;36m[K~~~~~~~~~~~~~^~~[m[K
[2.869s] gmake[2]: *** [CMakeFiles/estimation.dir/build.make:76: CMakeFiles/estimation.dir/src/estimation.cpp.o] Error 1
[2.869s] gmake[1]: *** [CMakeFiles/Makefile2:137: CMakeFiles/estimation.dir/all] Error 2
[2.870s] gmake: *** [Makefile:146: all] Error 2
[2.872s] Invoked command in '/home/alve/control-sp/control_ws/control_estimation/build/control_estimation' returned '2': CMAKE_PREFIX_PATH=${CMAKE_PREFIX_PATH}:/home/alve/control-sp/control_ws/install/mapper:/opt/ros/humble /usr/bin/cmake --build /home/alve/control-sp/control_ws/control_estimation/build/control_estimation -- -j20 -l20
