[0.006s] Invoking command in '/home/alve/control-sp/control_ws/control_estimation/build/control_estimation': CMAKE_PREFIX_PATH=${CMAKE_PREFIX_PATH}:/home/alve/control-sp/control_ws/install/mapper:/opt/ros/humble /usr/bin/cmake /home/alve/control-sp/control_ws/control_estimation -DAMENT_CMAKE_SYMLINK_INSTALL=1 -DCMAKE_INSTALL_PREFIX=/home/alve/control-sp/control_ws/control_estimation/install/control_estimation
[0.012s] -- Found ament_cmake: 1.3.9 (/opt/ros/humble/share/ament_cmake/cmake)
[0.080s] -- Override CMake install command with custom implementation using symlinks instead of copying resources
[0.083s] -- Found rclcpp: 16.0.9 (/opt/ros/humble/share/rclcpp/cmake)
[0.098s] -- Found rosidl_generator_c: 3.1.5 (/opt/ros/humble/share/rosidl_generator_c/cmake)
[0.100s] -- Found rosidl_adapter: 3.1.5 (/opt/ros/humble/share/rosidl_adapter/cmake)
[0.103s] -- Found rosidl_generator_cpp: 3.1.5 (/opt/ros/humble/share/rosidl_generator_cpp/cmake)
[0.109s] -- Using all available rosidl_typesupport_c: rosidl_typesupport_fastrtps_c;rosidl_typesupport_introspection_c
[0.117s] -- Using all available rosidl_typesupport_cpp: rosidl_typesupport_fastrtps_cpp;rosidl_typesupport_introspection_cpp
[0.148s] -- Found rmw_implementation_cmake: 6.1.2 (/opt/ros/humble/share/rmw_implementation_cmake/cmake)
[0.149s] -- Found rmw_fastrtps_cpp: 6.2.6 (/opt/ros/humble/share/rmw_fastrtps_cpp/cmake)
[0.210s] -- Using RMW implementation 'rmw_fastrtps_cpp' as default
[0.293s] -- Found visualization_msgs: 4.2.4 (/opt/ros/humble/share/visualization_msgs/cmake)
[0.432s] -- Found ament_lint_auto: 0.12.11 (/opt/ros/humble/share/ament_lint_auto/cmake)
[0.475s] -- Added test 'cppcheck' to perform static code analysis on C / C++ code
[0.475s] -- Configured cppcheck include dirs: 
[0.475s] -- Configured cppcheck exclude dirs and/or files: 
[0.476s] -- Added test 'flake8' to check Python code syntax and style conventions
[0.477s] -- Added test 'lint_cmake' to check CMake code style
[0.478s] -- Added test 'pep257' to check Python code against some of the docstring style conventions in PEP 257
[0.483s] -- Added test 'uncrustify' to check C / C++ code style
[0.483s] -- Configured uncrustify additional arguments: 
[0.484s] -- Added test 'xmllint' to check XML markup files
[0.484s] -- Configuring done
[0.488s] -- Generating done
[0.489s] -- Build files have been written to: /home/alve/control-sp/control_ws/control_estimation/build/control_estimation
[0.493s] Invoked command in '/home/alve/control-sp/control_ws/control_estimation/build/control_estimation' returned '0': CMAKE_PREFIX_PATH=${CMAKE_PREFIX_PATH}:/home/alve/control-sp/control_ws/install/mapper:/opt/ros/humble /usr/bin/cmake /home/alve/control-sp/control_ws/control_estimation -DAMENT_CMAKE_SYMLINK_INSTALL=1 -DCMAKE_INSTALL_PREFIX=/home/alve/control-sp/control_ws/control_estimation/install/control_estimation
[0.494s] Invoking command in '/home/alve/control-sp/control_ws/control_estimation/build/control_estimation': CMAKE_PREFIX_PATH=${CMAKE_PREFIX_PATH}:/home/alve/control-sp/control_ws/install/mapper:/opt/ros/humble /usr/bin/cmake --build /home/alve/control-sp/control_ws/control_estimation/build/control_estimation -- -j20 -l20
[0.515s] [35m[1mConsolidate compiler generated dependencies of target estimation[0m
[0.524s] [ 50%] [32mBuilding CXX object CMakeFiles/estimation.dir/src/estimation.cpp.o[0m
[0.621s] [01m[K/home/alve/control-sp/control_ws/control_estimation/src/estimation.cpp:5:10:[m[K [01;31m[Kfatal error: [m[Kvisualization_msgs/msg/marker.hpp: No such file or directory
[0.621s]     5 | #include [01;31m[K"visualization_msgs/msg/marker.hpp"[m[K
[0.621s]       |          [01;31m[K^~~~~~~~~~~~~~~~~~~~~~~~~~~~~~~~~~~[m[K
[0.621s] compilation terminated.
[0.631s] gmake[2]: *** [CMakeFiles/estimation.dir/build.make:76: CMakeFiles/estimation.dir/src/estimation.cpp.o] Error 1
[0.631s] gmake[1]: *** [CMakeFiles/Makefile2:137: CMakeFiles/estimation.dir/all] Error 2
[0.631s] gmake: *** [Makefile:146: all] Error 2
[0.633s] Invoked command in '/home/alve/control-sp/control_ws/control_estimation/build/control_estimation' returned '2': CMAKE_PREFIX_PATH=${CMAKE_PREFIX_PATH}:/home/alve/control-sp/control_ws/install/mapper:/opt/ros/humble /usr/bin/cmake --build /home/alve/control-sp/control_ws/control_estimation/build/control_estimation -- -j20 -l20
