[0.063s] DEBUG:colcon:Command line arguments: ['/usr/bin/colcon', 'build']
[0.063s] DEBUG:colcon:Parsed command line arguments: Namespace(log_base=None, log_level=None, verb_name='build', build_base='build', install_base='install', merge_install=False, symlink_install=False, test_result_base=None, continue_on_error=False, executor='parallel', parallel_workers=20, event_handlers=None, ignore_user_meta=False, metas=['./colcon.meta'], base_paths=['.'], packages_ignore=None, packages_ignore_regex=None, paths=None, packages_up_to=None, packages_up_to_regex=None, packages_above=None, packages_above_and_dependencies=None, packages_above_depth=None, packages_select_by_dep=None, packages_skip_by_dep=None, packages_skip_up_to=None, packages_select_build_failed=False, packages_skip_build_finished=False, packages_select_test_failures=False, packages_skip_test_passed=False, packages_select=None, packages_skip=None, packages_select_regex=None, packages_skip_regex=None, packages_start=None, packages_end=None, allow_overriding=[], cmake_args=None, cmake_target=None, cmake_target_skip_unavailable=False, cmake_clean_cache=False, cmake_clean_first=False, cmake_force_configure=False, ament_cmake_args=None, catkin_cmake_args=None, catkin_skip_building_tests=False, mixin_files=None, mixin=None, verb_parser=<colcon_mixin.mixin.mixin_argument.MixinArgumentDecorator object at 0x77f2715a6560>, verb_extension=<colcon_core.verb.build.BuildVerb object at 0x77f2716b9690>, main=<bound method BuildVerb.main of <colcon_core.verb.build.BuildVerb object at 0x77f2716b9690>>, mixin_verb=('build',))
[0.151s] Level 1:colcon.colcon_core.package_discovery:discover_packages(colcon_meta) check parameters
[0.151s] Level 1:colcon.colcon_core.package_discovery:discover_packages(recursive) check parameters
[0.151s] Level 1:colcon.colcon_core.package_discovery:discover_packages(ignore) check parameters
[0.151s] Level 1:colcon.colcon_core.package_discovery:discover_packages(path) check parameters
[0.151s] Level 1:colcon.colcon_core.package_discovery:discover_packages(colcon_meta) discover
[0.151s] Level 1:colcon.colcon_core.package_discovery:discover_packages(recursive) discover
[0.151s] INFO:colcon.colcon_core.package_discovery:Crawling recursively for packages in '/home/alve/control-sp/control_ws/control_estimation'
[0.151s] Level 1:colcon.colcon_core.package_identification:_identify(.) by extensions ['ignore', 'ignore_ament_install']
[0.152s] Level 1:colcon.colcon_core.package_identification:_identify(.) by extension 'ignore'
[0.152s] Level 1:colcon.colcon_core.package_identification:_identify(.) by extension 'ignore_ament_install'
[0.152s] Level 1:colcon.colcon_core.package_identification:_identify(.) by extensions ['colcon_pkg']
[0.152s] Level 1:colcon.colcon_core.package_identification:_identify(.) by extension 'colcon_pkg'
[0.152s] Level 1:colcon.colcon_core.package_identification:_identify(.) by extensions ['colcon_meta']
[0.152s] Level 1:colcon.colcon_core.package_identification:_identify(.) by extension 'colcon_meta'
[0.152s] Level 1:colcon.colcon_core.package_identification:_identify(.) by extensions ['ros']
[0.152s] Level 1:colcon.colcon_core.package_identification:_identify(.) by extension 'ros'
[0.160s] DEBUG:colcon.colcon_core.package_identification:Package '.' with type 'ros.ament_cmake' and name 'control_estimation'
[0.160s] Level 1:colcon.colcon_core.package_discovery:discover_packages(recursive) using defaults
[0.160s] Level 1:colcon.colcon_core.package_discovery:discover_packages(ignore) discover
[0.160s] Level 1:colcon.colcon_core.package_discovery:discover_packages(ignore) using defaults
[0.160s] Level 1:colcon.colcon_core.package_discovery:discover_packages(path) discover
[0.160s] Level 1:colcon.colcon_core.package_discovery:discover_packages(path) using defaults
[0.173s] Level 1:colcon.colcon_core.package_discovery:discover_packages(prefix_path) check parameters
[0.173s] Level 1:colcon.colcon_core.package_discovery:discover_packages(prefix_path) discover
[0.173s] DEBUG:colcon.colcon_installed_package_information.package_discovery:Found 2 installed packages in /home/alve/control-sp/control_ws/install
[0.174s] DEBUG:colcon.colcon_installed_package_information.package_discovery:Found 270 installed packages in /opt/ros/humble
[0.180s] Level 1:colcon.colcon_core.package_discovery:discover_packages(prefix_path) using defaults
[0.201s] Level 5:colcon.colcon_core.verb:set package 'control_estimation' build argument 'cmake_args' from command line to 'None'
[0.201s] Level 5:colcon.colcon_core.verb:set package 'control_estimation' build argument 'cmake_target' from command line to 'None'
[0.201s] Level 5:colcon.colcon_core.verb:set package 'control_estimation' build argument 'cmake_target_skip_unavailable' from command line to 'False'
[0.201s] Level 5:colcon.colcon_core.verb:set package 'control_estimation' build argument 'cmake_clean_cache' from command line to 'False'
[0.201s] Level 5:colcon.colcon_core.verb:set package 'control_estimation' build argument 'cmake_clean_first' from command line to 'False'
[0.201s] Level 5:colcon.colcon_core.verb:set package 'control_estimation' build argument 'cmake_force_configure' from command line to 'False'
[0.201s] Level 5:colcon.colcon_core.verb:set package 'control_estimation' build argument 'ament_cmake_args' from command line to 'None'
[0.201s] Level 5:colcon.colcon_core.verb:set package 'control_estimation' build argument 'catkin_cmake_args' from command line to 'None'
[0.201s] Level 5:colcon.colcon_core.verb:set package 'control_estimation' build argument 'catkin_skip_building_tests' from command line to 'False'
[0.201s] DEBUG:colcon.colcon_core.verb:Building package 'control_estimation' with the following arguments: {'ament_cmake_args': None, 'build_base': '/home/alve/control-sp/control_ws/control_estimation/build/control_estimation', 'catkin_cmake_args': None, 'catkin_skip_building_tests': False, 'cmake_args': None, 'cmake_clean_cache': False, 'cmake_clean_first': False, 'cmake_force_configure': False, 'cmake_target': None, 'cmake_target_skip_unavailable': False, 'install_base': '/home/alve/control-sp/control_ws/control_estimation/install/control_estimation', 'merge_install': False, 'path': '/home/alve/control-sp/control_ws/control_estimation', 'symlink_install': False, 'test_result_base': None}
[0.201s] INFO:colcon.colcon_core.executor:Executing jobs using 'parallel' executor
[0.202s] DEBUG:colcon.colcon_parallel_executor.executor.parallel:run_until_complete
[0.202s] INFO:colcon.colcon_ros.task.ament_cmake.build:Building ROS package in '/home/alve/control-sp/control_ws/control_estimation' with build type 'ament_cmake'
[0.202s] INFO:colcon.colcon_cmake.task.cmake.build:Building CMake package in '/home/alve/control-sp/control_ws/control_estimation'
[0.203s] INFO:colcon.colcon_core.plugin_system:Skipping extension 'colcon_core.shell.bat': Not used on non-Windows systems
[0.204s] INFO:colcon.colcon_core.shell:Skip shell extension 'powershell' for command environment: Not usable outside of PowerShell
[0.204s] DEBUG:colcon.colcon_core.shell:Skip shell extension 'dsv' for command environment
[0.210s] DEBUG:colcon.colcon_core.event_handler.log_command:Invoking command in '/home/alve/control-sp/control_ws/control_estimation/build/control_estimation': CMAKE_PREFIX_PATH=${CMAKE_PREFIX_PATH}:/home/alve/control-sp/control_ws/install/mapper:/opt/ros/humble /usr/bin/cmake --build /home/alve/control-sp/control_ws/control_estimation/build/control_estimation -- -j20 -l20
[5.203s] DEBUG:colcon.colcon_core.event_handler.log_command:Invoked command in '/home/alve/control-sp/control_ws/control_estimation/build/control_estimation' returned '2': CMAKE_PREFIX_PATH=${CMAKE_PREFIX_PATH}:/home/alve/control-sp/control_ws/install/mapper:/opt/ros/humble /usr/bin/cmake --build /home/alve/control-sp/control_ws/control_estimation/build/control_estimation -- -j20 -l20
[5.224s] Level 1:colcon.colcon_core.environment:create_environment_scripts_only(control_estimation)
[5.225s] Level 1:colcon.colcon_core.environment:checking '/home/alve/control-sp/control_ws/control_estimation/install/control_estimation' for CMake module files
[5.225s] Level 1:colcon.colcon_core.environment:checking '/home/alve/control-sp/control_ws/control_estimation/install/control_estimation' for CMake config files
[5.226s] Level 1:colcon.colcon_core.shell:create_environment_hook('control_estimation', 'cmake_prefix_path')
[5.226s] INFO:colcon.colcon_core.shell:Creating environment hook '/home/alve/control-sp/control_ws/control_estimation/install/control_estimation/share/control_estimation/hook/cmake_prefix_path.ps1'
[5.226s] INFO:colcon.colcon_core.shell:Creating environment descriptor '/home/alve/control-sp/control_ws/control_estimation/install/control_estimation/share/control_estimation/hook/cmake_prefix_path.dsv'
[5.227s] INFO:colcon.colcon_core.shell:Creating environment hook '/home/alve/control-sp/control_ws/control_estimation/install/control_estimation/share/control_estimation/hook/cmake_prefix_path.sh'
[5.227s] Level 1:colcon.colcon_core.environment:checking '/home/alve/control-sp/control_ws/control_estimation/install/control_estimation/lib'
[5.227s] Level 1:colcon.colcon_core.environment:checking '/home/alve/control-sp/control_ws/control_estimation/install/control_estimation/bin'
[5.228s] Level 1:colcon.colcon_core.environment:checking '/home/alve/control-sp/control_ws/control_estimation/install/control_estimation/lib/pkgconfig/control_estimation.pc'
[5.228s] Level 1:colcon.colcon_core.environment:checking '/home/alve/control-sp/control_ws/control_estimation/install/control_estimation/lib/python3.10/site-packages'
[5.228s] Level 1:colcon.colcon_core.environment:checking '/home/alve/control-sp/control_ws/control_estimation/install/control_estimation/bin'
[5.228s] INFO:colcon.colcon_core.shell:Creating package script '/home/alve/control-sp/control_ws/control_estimation/install/control_estimation/share/control_estimation/package.ps1'
[5.229s] INFO:colcon.colcon_core.shell:Creating package descriptor '/home/alve/control-sp/control_ws/control_estimation/install/control_estimation/share/control_estimation/package.dsv'
[5.229s] INFO:colcon.colcon_core.shell:Creating package script '/home/alve/control-sp/control_ws/control_estimation/install/control_estimation/share/control_estimation/package.sh'
[5.230s] INFO:colcon.colcon_core.shell:Creating package script '/home/alve/control-sp/control_ws/control_estimation/install/control_estimation/share/control_estimation/package.bash'
[5.230s] INFO:colcon.colcon_core.shell:Creating package script '/home/alve/control-sp/control_ws/control_estimation/install/control_estimation/share/control_estimation/package.zsh'
[5.231s] Level 1:colcon.colcon_core.environment:create_file_with_runtime_dependencies(/home/alve/control-sp/control_ws/control_estimation/install/control_estimation/share/colcon-core/packages/control_estimation)
[5.241s] DEBUG:colcon.colcon_parallel_executor.executor.parallel:closing loop
[5.241s] DEBUG:colcon.colcon_parallel_executor.executor.parallel:loop closed
[5.241s] DEBUG:colcon.colcon_parallel_executor.executor.parallel:run_until_complete finished with '2'
[5.241s] DEBUG:colcon.colcon_core.event_reactor:joining thread
[5.245s] INFO:colcon.colcon_core.plugin_system:Skipping extension 'colcon_notification.desktop_notification.terminal_notifier': Not used on non-Darwin systems
[5.245s] INFO:colcon.colcon_core.plugin_system:Skipping extension 'colcon_notification.desktop_notification.win32': Not used on non-Windows systems
[5.245s] INFO:colcon.colcon_notification.desktop_notification:Sending desktop notification using 'notify2'
[5.258s] DEBUG:colcon.colcon_core.event_reactor:joined thread
[5.259s] INFO:colcon.colcon_core.shell:Creating prefix script '/home/alve/control-sp/control_ws/control_estimation/install/local_setup.ps1'
[5.260s] INFO:colcon.colcon_core.shell:Creating prefix util module '/home/alve/control-sp/control_ws/control_estimation/install/_local_setup_util_ps1.py'
[5.262s] INFO:colcon.colcon_core.shell:Creating prefix chain script '/home/alve/control-sp/control_ws/control_estimation/install/setup.ps1'
[5.263s] INFO:colcon.colcon_core.shell:Creating prefix script '/home/alve/control-sp/control_ws/control_estimation/install/local_setup.sh'
[5.264s] INFO:colcon.colcon_core.shell:Creating prefix util module '/home/alve/control-sp/control_ws/control_estimation/install/_local_setup_util_sh.py'
[5.265s] INFO:colcon.colcon_core.shell:Creating prefix chain script '/home/alve/control-sp/control_ws/control_estimation/install/setup.sh'
[5.266s] INFO:colcon.colcon_core.shell:Creating prefix script '/home/alve/control-sp/control_ws/control_estimation/install/local_setup.bash'
[5.267s] INFO:colcon.colcon_core.shell:Creating prefix chain script '/home/alve/control-sp/control_ws/control_estimation/install/setup.bash'
[5.268s] INFO:colcon.colcon_core.shell:Creating prefix script '/home/alve/control-sp/control_ws/control_estimation/install/local_setup.zsh'
[5.268s] INFO:colcon.colcon_core.shell:Creating prefix chain script '/home/alve/control-sp/control_ws/control_estimation/install/setup.zsh'
