[0.006s] Invoking command in '/home/alve/control-sp/control_ws/control_estimation/build/control_estimation': CMAKE_PREFIX_PATH=${CMAKE_PREFIX_PATH}:/home/alve/control-sp/control_ws/install/mapper:/opt/ros/humble /usr/bin/cmake --build /home/alve/control-sp/control_ws/control_estimation/build/control_estimation -- -j20 -l20
[0.031s] [35m[1mConsolidate compiler generated dependencies of target estimation[0m
[0.044s] [ 50%] [32mBuilding CXX object CMakeFiles/estimation.dir/src/estimation.cpp.o[0m
[14.430s] [100%] [32m[1mLinking CXX executable estimation[0m
[15.005s] [100%] Built target estimation
[15.016s] Invoked command in '/home/alve/control-sp/control_ws/control_estimation/build/control_estimation' returned '0': CMAKE_PREFIX_PATH=${CMAKE_PREFIX_PATH}:/home/alve/control-sp/control_ws/install/mapper:/opt/ros/humble /usr/bin/cmake --build /home/alve/control-sp/control_ws/control_estimation/build/control_estimation -- -j20 -l20
[15.034s] Invoking command in '/home/alve/control-sp/control_ws/control_estimation/build/control_estimation': CMAKE_PREFIX_PATH=${CMAKE_PREFIX_PATH}:/home/alve/control-sp/control_ws/install/mapper:/opt/ros/humble /usr/bin/cmake --install /home/alve/control-sp/control_ws/control_estimation/build/control_estimation
[15.037s] -- Install configuration: ""
[15.038s] -- Execute custom install script
[15.038s] -- Up-to-date symlink: /home/alve/control-sp/control_ws/control_estimation/install/control_estimation/lib/control_estimation/estimation
[15.038s] -- Up-to-date symlink: /home/alve/control-sp/control_ws/control_estimation/install/control_estimation/share/ament_index/resource_index/package_run_dependencies/control_estimation
[15.038s] -- Up-to-date symlink: /home/alve/control-sp/control_ws/control_estimation/install/control_estimation/share/ament_index/resource_index/parent_prefix_path/control_estimation
[15.038s] -- Up-to-date symlink: /home/alve/control-sp/control_ws/control_estimation/install/control_estimation/share/control_estimation/environment/ament_prefix_path.sh
[15.038s] -- Up-to-date symlink: /home/alve/control-sp/control_ws/control_estimation/install/control_estimation/share/control_estimation/environment/ament_prefix_path.dsv
[15.038s] -- Up-to-date symlink: /home/alve/control-sp/control_ws/control_estimation/install/control_estimation/share/control_estimation/environment/path.sh
[15.038s] -- Up-to-date symlink: /home/alve/control-sp/control_ws/control_estimation/install/control_estimation/share/control_estimation/environment/path.dsv
[15.038s] -- Up-to-date symlink: /home/alve/control-sp/control_ws/control_estimation/install/control_estimation/share/control_estimation/local_setup.bash
[15.038s] -- Up-to-date symlink: /home/alve/control-sp/control_ws/control_estimation/install/control_estimation/share/control_estimation/local_setup.sh
[15.038s] -- Up-to-date symlink: /home/alve/control-sp/control_ws/control_estimation/install/control_estimation/share/control_estimation/local_setup.zsh
[15.038s] -- Up-to-date symlink: /home/alve/control-sp/control_ws/control_estimation/install/control_estimation/share/control_estimation/local_setup.dsv
[15.038s] -- Symlinking: /home/alve/control-sp/control_ws/control_estimation/install/control_estimation/share/control_estimation/package.dsv
[15.043s] -- Up-to-date symlink: /home/alve/control-sp/control_ws/control_estimation/install/control_estimation/share/ament_index/resource_index/packages/control_estimation
[15.043s] -- Up-to-date symlink: /home/alve/control-sp/control_ws/control_estimation/install/control_estimation/share/control_estimation/cmake/control_estimationConfig.cmake
[15.043s] -- Up-to-date symlink: /home/alve/control-sp/control_ws/control_estimation/install/control_estimation/share/control_estimation/cmake/control_estimationConfig-version.cmake
[15.043s] -- Up-to-date symlink: /home/alve/control-sp/control_ws/control_estimation/install/control_estimation/share/control_estimation/package.xml
[15.044s] Invoked command in '/home/alve/control-sp/control_ws/control_estimation/build/control_estimation' returned '0': CMAKE_PREFIX_PATH=${CMAKE_PREFIX_PATH}:/home/alve/control-sp/control_ws/install/mapper:/opt/ros/humble /usr/bin/cmake --install /home/alve/control-sp/control_ws/control_estimation/build/control_estimation
