[0.007s] Invoking command in '/home/alve/control-sp/control_ws/control_estimation/build/control_estimation': CMAKE_PREFIX_PATH=${CMAKE_PREFIX_PATH}:/home/alve/control-sp/control_ws/install/mapper:/opt/ros/humble /usr/bin/cmake --build /home/alve/control-sp/control_ws/control_estimation/build/control_estimation -- -j20 -l20
[0.034s] [35m[1mConsolidate compiler generated dependencies of target estimation[0m
[0.049s] [ 50%] [32mBuilding CXX object CMakeFiles/estimation.dir/src/estimation.cpp.o[0m
[15.634s] [100%] [32m[1mLinking CXX executable estimation[0m
[16.262s] [100%] Built target estimation
[16.274s] Invoked command in '/home/alve/control-sp/control_ws/control_estimation/build/control_estimation' returned '0': CMAKE_PREFIX_PATH=${CMAKE_PREFIX_PATH}:/home/alve/control-sp/control_ws/install/mapper:/opt/ros/humble /usr/bin/cmake --build /home/alve/control-sp/control_ws/control_estimation/build/control_estimation -- -j20 -l20
[16.296s] Invoking command in '/home/alve/control-sp/control_ws/control_estimation/build/control_estimation': CMAKE_PREFIX_PATH=${CMAKE_PREFIX_PATH}:/home/alve/control-sp/control_ws/install/mapper:/opt/ros/humble /usr/bin/cmake --install /home/alve/control-sp/control_ws/control_estimation/build/control_estimation
[16.301s] -- Install configuration: ""
[16.301s] -- Execute custom install script
[16.302s] -- Up-to-date symlink: /home/alve/control-sp/control_ws/control_estimation/install/control_estimation/lib/control_estimation/estimation
[16.302s] -- Up-to-date symlink: /home/alve/control-sp/control_ws/control_estimation/install/control_estimation/share/ament_index/resource_index/package_run_dependencies/control_estimation
[16.302s] -- Up-to-date symlink: /home/alve/control-sp/control_ws/control_estimation/install/control_estimation/share/ament_index/resource_index/parent_prefix_path/control_estimation
[16.302s] -- Up-to-date symlink: /home/alve/control-sp/control_ws/control_estimation/install/control_estimation/share/control_estimation/environment/ament_prefix_path.sh
[16.302s] -- Up-to-date symlink: /home/alve/control-sp/control_ws/control_estimation/install/control_estimation/share/control_estimation/environment/ament_prefix_path.dsv
[16.302s] -- Up-to-date symlink: /home/alve/control-sp/control_ws/control_estimation/install/control_estimation/share/control_estimation/environment/path.sh
[16.302s] -- Up-to-date symlink: /home/alve/control-sp/control_ws/control_estimation/install/control_estimation/share/control_estimation/environment/path.dsv
[16.302s] -- Up-to-date symlink: /home/alve/control-sp/control_ws/control_estimation/install/control_estimation/share/control_estimation/local_setup.bash
[16.302s] -- Up-to-date symlink: /home/alve/control-sp/control_ws/control_estimation/install/control_estimation/share/control_estimation/local_setup.sh
[16.302s] -- Up-to-date symlink: /home/alve/control-sp/control_ws/control_estimation/install/control_estimation/share/control_estimation/local_setup.zsh
[16.303s] -- Up-to-date symlink: /home/alve/control-sp/control_ws/control_estimation/install/control_estimation/share/control_estimation/local_setup.dsv
[16.303s] -- Symlinking: /home/alve/control-sp/control_ws/control_estimation/install/control_estimation/share/control_estimation/package.dsv
[16.309s] -- Up-to-date symlink: /home/alve/control-sp/control_ws/control_estimation/install/control_estimation/share/ament_index/resource_index/packages/control_estimation
[16.309s] -- Up-to-date symlink: /home/alve/control-sp/control_ws/control_estimation/install/control_estimation/share/control_estimation/cmake/control_estimationConfig.cmake
[16.309s] -- Up-to-date symlink: /home/alve/control-sp/control_ws/control_estimation/install/control_estimation/share/control_estimation/cmake/control_estimationConfig-version.cmake
[16.309s] -- Up-to-date symlink: /home/alve/control-sp/control_ws/control_estimation/install/control_estimation/share/control_estimation/package.xml
[16.310s] Invoked command in '/home/alve/control-sp/control_ws/control_estimation/build/control_estimation' returned '0': CMAKE_PREFIX_PATH=${CMAKE_PREFIX_PATH}:/home/alve/control-sp/control_ws/install/mapper:/opt/ros/humble /usr/bin/cmake --install /home/alve/control-sp/control_ws/control_estimation/build/control_estimation
