[0.054s] DEBUG:colcon:Command line arguments: ['/usr/bin/colcon', 'build']
[0.054s] DEBUG:colcon:Parsed command line arguments: Namespace(log_base=None, log_level=None, verb_name='build', build_base='build', install_base='install', merge_install=False, symlink_install=False, test_result_base=None, continue_on_error=False, executor='parallel', parallel_workers=20, event_handlers=None, ignore_user_meta=False, metas=['./colcon.meta'], base_paths=['.'], packages_ignore=None, packages_ignore_regex=None, paths=None, packages_up_to=None, packages_up_to_regex=None, packages_above=None, packages_above_and_dependencies=None, packages_above_depth=None, packages_select_by_dep=None, packages_skip_by_dep=None, packages_skip_up_to=None, packages_select_build_failed=False, packages_skip_build_finished=False, packages_select_test_failures=False, packages_skip_test_passed=False, packages_select=None, packages_skip=None, packages_select_regex=None, packages_skip_regex=None, packages_start=None, packages_end=None, allow_overriding=[], cmake_args=None, cmake_target=None, cmake_target_skip_unavailable=False, cmake_clean_cache=False, cmake_clean_first=False, cmake_force_configure=False, ament_cmake_args=None, catkin_cmake_args=None, catkin_skip_building_tests=False, mixin_files=None, mixin=None, verb_parser=<colcon_mixin.mixin.mixin_argument.MixinArgumentDecorator object at 0x7f063783a7a0>, verb_extension=<colcon_core.verb.build.BuildVerb object at 0x7f06379b7c40>, main=<bound method BuildVerb.main of <colcon_core.verb.build.BuildVerb object at 0x7f06379b7c40>>, mixin_verb=('build',))
[0.127s] Level 1:colcon.colcon_core.package_discovery:discover_packages(colcon_meta) check parameters
[0.128s] Level 1:colcon.colcon_core.package_discovery:discover_packages(recursive) check parameters
[0.128s] Level 1:colcon.colcon_core.package_discovery:discover_packages(ignore) check parameters
[0.128s] Level 1:colcon.colcon_core.package_discovery:discover_packages(path) check parameters
[0.128s] Level 1:colcon.colcon_core.package_discovery:discover_packages(colcon_meta) discover
[0.128s] Level 1:colcon.colcon_core.package_discovery:discover_packages(recursive) discover
[0.128s] INFO:colcon.colcon_core.package_discovery:Crawling recursively for packages in '/home/alve/control-sp/control_ws/control_estimation'
[0.128s] Level 1:colcon.colcon_core.package_identification:_identify(.) by extensions ['ignore', 'ignore_ament_install']
[0.128s] Level 1:colcon.colcon_core.package_identification:_identify(.) by extension 'ignore'
[0.128s] Level 1:colcon.colcon_core.package_identification:_identify(.) by extension 'ignore_ament_install'
[0.128s] Level 1:colcon.colcon_core.package_identification:_identify(.) by extensions ['colcon_pkg']
[0.128s] Level 1:colcon.colcon_core.package_identification:_identify(.) by extension 'colcon_pkg'
[0.128s] Level 1:colcon.colcon_core.package_identification:_identify(.) by extensions ['colcon_meta']
[0.128s] Level 1:colcon.colcon_core.package_identification:_identify(.) by extension 'colcon_meta'
[0.128s] Level 1:colcon.colcon_core.package_identification:_identify(.) by extensions ['ros']
[0.128s] Level 1:colcon.colcon_core.package_identification:_identify(.) by extension 'ros'
[0.135s] DEBUG:colcon.colcon_core.package_identification:Package '.' with type 'ros.ament_cmake' and name 'control_estimation'
[0.135s] Level 1:colcon.colcon_core.package_discovery:discover_packages(recursive) using defaults
[0.135s] Level 1:colcon.colcon_core.package_discovery:discover_packages(ignore) discover
[0.135s] Level 1:colcon.colcon_core.package_discovery:discover_packages(ignore) using defaults
[0.135s] Level 1:colcon.colcon_core.package_discovery:discover_packages(path) discover
[0.135s] Level 1:colcon.colcon_core.package_discovery:discover_packages(path) using defaults
[0.145s] Level 1:colcon.colcon_core.package_discovery:discover_packages(prefix_path) check parameters
[0.145s] Level 1:colcon.colcon_core.package_discovery:discover_packages(prefix_path) discover
[0.146s] DEBUG:colcon.colcon_installed_package_information.package_discovery:Found 1 installed packages in /home/alve/control-sp/control_ws/control_estimation/install
[0.146s] DEBUG:colcon.colcon_installed_package_information.package_discovery:Found 2 installed packages in /home/alve/control-sp/control_ws/install
[0.146s] DEBUG:colcon.colcon_installed_package_information.package_discovery:Found 1 installed packages in /home/alve/control-sp/control_ws/install_sim
[0.147s] DEBUG:colcon.colcon_installed_package_information.package_discovery:Found 270 installed packages in /opt/ros/humble
[0.148s] Level 1:colcon.colcon_core.package_discovery:discover_packages(prefix_path) using defaults
[0.169s] Level 5:colcon.colcon_core.verb:set package 'control_estimation' build argument 'cmake_args' from command line to 'None'
[0.169s] Level 5:colcon.colcon_core.verb:set package 'control_estimation' build argument 'cmake_target' from command line to 'None'
[0.169s] Level 5:colcon.colcon_core.verb:set package 'control_estimation' build argument 'cmake_target_skip_unavailable' from command line to 'False'
[0.169s] Level 5:colcon.colcon_core.verb:set package 'control_estimation' build argument 'cmake_clean_cache' from command line to 'False'
[0.169s] Level 5:colcon.colcon_core.verb:set package 'control_estimation' build argument 'cmake_clean_first' from command line to 'False'
[0.169s] Level 5:colcon.colcon_core.verb:set package 'control_estimation' build argument 'cmake_force_configure' from command line to 'False'
[0.169s] Level 5:colcon.colcon_core.verb:set package 'control_estimation' build argument 'ament_cmake_args' from command line to 'None'
[0.169s] Level 5:colcon.colcon_core.verb:set package 'control_estimation' build argument 'catkin_cmake_args' from command line to 'None'
[0.169s] Level 5:colcon.colcon_core.verb:set package 'control_estimation' build argument 'catkin_skip_building_tests' from command line to 'False'
[0.169s] DEBUG:colcon.colcon_core.verb:Building package 'control_estimation' with the following arguments: {'ament_cmake_args': None, 'build_base': '/home/alve/control-sp/control_ws/control_estimation/build/control_estimation', 'catkin_cmake_args': None, 'catkin_skip_building_tests': False, 'cmake_args': None, 'cmake_clean_cache': False, 'cmake_clean_first': False, 'cmake_force_configure': False, 'cmake_target': None, 'cmake_target_skip_unavailable': False, 'install_base': '/home/alve/control-sp/control_ws/control_estimation/install/control_estimation', 'merge_install': False, 'path': '/home/alve/control-sp/control_ws/control_estimation', 'symlink_install': False, 'test_result_base': None}
[0.170s] INFO:colcon.colcon_core.executor:Executing jobs using 'parallel' executor
[0.170s] DEBUG:colcon.colcon_parallel_executor.executor.parallel:run_until_complete
[0.170s] INFO:colcon.colcon_ros.task.ament_cmake.build:Building ROS package in '/home/alve/control-sp/control_ws/control_estimation' with build type 'ament_cmake'
[0.170s] INFO:colcon.colcon_cmake.task.cmake.build:Building CMake package in '/home/alve/control-sp/control_ws/control_estimation'
[0.171s] INFO:colcon.colcon_core.plugin_system:Skipping extension 'colcon_core.shell.bat': Not used on non-Windows systems
[0.171s] INFO:colcon.colcon_core.shell:Skip shell extension 'powershell' for command environment: Not usable outside of PowerShell
[0.171s] DEBUG:colcon.colcon_core.shell:Skip shell extension 'dsv' for command environment
[0.176s] DEBUG:colcon.colcon_core.event_handler.log_command:Invoking command in '/home/alve/control-sp/control_ws/control_estimation/build/control_estimation': CMAKE_PREFIX_PATH=${CMAKE_PREFIX_PATH}:/home/alve/control-sp/control_ws/install/mapper:/opt/ros/humble /usr/bin/cmake --build /home/alve/control-sp/control_ws/control_estimation/build/control_estimation -- -j20 -l20
[14.439s] DEBUG:colcon.colcon_core.event_handler.log_command:Invoked command in '/home/alve/control-sp/control_ws/control_estimation/build/control_estimation' returned '0': CMAKE_PREFIX_PATH=${CMAKE_PREFIX_PATH}:/home/alve/control-sp/control_ws/install/mapper:/opt/ros/humble /usr/bin/cmake --build /home/alve/control-sp/control_ws/control_estimation/build/control_estimation -- -j20 -l20
[14.458s] DEBUG:colcon.colcon_core.event_handler.log_command:Invoking command in '/home/alve/control-sp/control_ws/control_estimation/build/control_estimation': CMAKE_PREFIX_PATH=${CMAKE_PREFIX_PATH}:/home/alve/control-sp/control_ws/install/mapper:/opt/ros/humble /usr/bin/cmake --install /home/alve/control-sp/control_ws/control_estimation/build/control_estimation
[14.470s] Level 1:colcon.colcon_core.environment:create_environment_scripts_only(control_estimation)
[14.470s] DEBUG:colcon.colcon_core.event_handler.log_command:Invoked command in '/home/alve/control-sp/control_ws/control_estimation/build/control_estimation' returned '0': CMAKE_PREFIX_PATH=${CMAKE_PREFIX_PATH}:/home/alve/control-sp/control_ws/install/mapper:/opt/ros/humble /usr/bin/cmake --install /home/alve/control-sp/control_ws/control_estimation/build/control_estimation
[14.472s] Level 1:colcon.colcon_core.environment:checking '/home/alve/control-sp/control_ws/control_estimation/install/control_estimation' for CMake module files
[14.473s] Level 1:colcon.colcon_core.environment:checking '/home/alve/control-sp/control_ws/control_estimation/install/control_estimation' for CMake config files
[14.473s] Level 1:colcon.colcon_core.shell:create_environment_hook('control_estimation', 'cmake_prefix_path')
[14.474s] INFO:colcon.colcon_core.shell:Creating environment hook '/home/alve/control-sp/control_ws/control_estimation/install/control_estimation/share/control_estimation/hook/cmake_prefix_path.ps1'
[14.474s] INFO:colcon.colcon_core.shell:Creating environment descriptor '/home/alve/control-sp/control_ws/control_estimation/install/control_estimation/share/control_estimation/hook/cmake_prefix_path.dsv'
[14.475s] INFO:colcon.colcon_core.shell:Creating environment hook '/home/alve/control-sp/control_ws/control_estimation/install/control_estimation/share/control_estimation/hook/cmake_prefix_path.sh'
[14.475s] Level 1:colcon.colcon_core.environment:checking '/home/alve/control-sp/control_ws/control_estimation/install/control_estimation/lib'
[14.475s] Level 1:colcon.colcon_core.environment:checking '/home/alve/control-sp/control_ws/control_estimation/install/control_estimation/bin'
[14.475s] Level 1:colcon.colcon_core.environment:checking '/home/alve/control-sp/control_ws/control_estimation/install/control_estimation/lib/pkgconfig/control_estimation.pc'
[14.476s] Level 1:colcon.colcon_core.environment:checking '/home/alve/control-sp/control_ws/control_estimation/install/control_estimation/lib/python3.10/site-packages'
[14.476s] Level 1:colcon.colcon_core.environment:checking '/home/alve/control-sp/control_ws/control_estimation/install/control_estimation/bin'
[14.476s] INFO:colcon.colcon_core.shell:Creating package script '/home/alve/control-sp/control_ws/control_estimation/install/control_estimation/share/control_estimation/package.ps1'
[14.476s] INFO:colcon.colcon_core.shell:Creating package descriptor '/home/alve/control-sp/control_ws/control_estimation/install/control_estimation/share/control_estimation/package.dsv'
[14.477s] INFO:colcon.colcon_core.shell:Creating package script '/home/alve/control-sp/control_ws/control_estimation/install/control_estimation/share/control_estimation/package.sh'
[14.477s] INFO:colcon.colcon_core.shell:Creating package script '/home/alve/control-sp/control_ws/control_estimation/install/control_estimation/share/control_estimation/package.bash'
[14.477s] INFO:colcon.colcon_core.shell:Creating package script '/home/alve/control-sp/control_ws/control_estimation/install/control_estimation/share/control_estimation/package.zsh'
[14.478s] Level 1:colcon.colcon_core.environment:create_file_with_runtime_dependencies(/home/alve/control-sp/control_ws/control_estimation/install/control_estimation/share/colcon-core/packages/control_estimation)
[14.491s] Level 1:colcon.colcon_core.environment:create_environment_scripts_only(control_estimation)
[14.492s] Level 1:colcon.colcon_core.environment:checking '/home/alve/control-sp/control_ws/control_estimation/install/control_estimation' for CMake module files
[14.492s] Level 1:colcon.colcon_core.environment:checking '/home/alve/control-sp/control_ws/control_estimation/install/control_estimation' for CMake config files
[14.492s] Level 1:colcon.colcon_core.shell:create_environment_hook('control_estimation', 'cmake_prefix_path')
[14.492s] INFO:colcon.colcon_core.shell:Creating environment hook '/home/alve/control-sp/control_ws/control_estimation/install/control_estimation/share/control_estimation/hook/cmake_prefix_path.ps1'
[14.492s] INFO:colcon.colcon_core.shell:Creating environment descriptor '/home/alve/control-sp/control_ws/control_estimation/install/control_estimation/share/control_estimation/hook/cmake_prefix_path.dsv'
[14.492s] INFO:colcon.colcon_core.shell:Creating environment hook '/home/alve/control-sp/control_ws/control_estimation/install/control_estimation/share/control_estimation/hook/cmake_prefix_path.sh'
[14.493s] Level 1:colcon.colcon_core.environment:checking '/home/alve/control-sp/control_ws/control_estimation/install/control_estimation/lib'
[14.493s] Level 1:colcon.colcon_core.environment:checking '/home/alve/control-sp/control_ws/control_estimation/install/control_estimation/bin'
[14.493s] Level 1:colcon.colcon_core.environment:checking '/home/alve/control-sp/control_ws/control_estimation/install/control_estimation/lib/pkgconfig/control_estimation.pc'
[14.493s] Level 1:colcon.colcon_core.environment:checking '/home/alve/control-sp/control_ws/control_estimation/install/control_estimation/lib/python3.10/site-packages'
[14.493s] Level 1:colcon.colcon_core.environment:checking '/home/alve/control-sp/control_ws/control_estimation/install/control_estimation/bin'
[14.493s] INFO:colcon.colcon_core.shell:Creating package script '/home/alve/control-sp/control_ws/control_estimation/install/control_estimation/share/control_estimation/package.ps1'
[14.493s] INFO:colcon.colcon_core.shell:Creating package descriptor '/home/alve/control-sp/control_ws/control_estimation/install/control_estimation/share/control_estimation/package.dsv'
[14.494s] INFO:colcon.colcon_core.shell:Creating package script '/home/alve/control-sp/control_ws/control_estimation/install/control_estimation/share/control_estimation/package.sh'
[14.494s] INFO:colcon.colcon_core.shell:Creating package script '/home/alve/control-sp/control_ws/control_estimation/install/control_estimation/share/control_estimation/package.bash'
[14.494s] INFO:colcon.colcon_core.shell:Creating package script '/home/alve/control-sp/control_ws/control_estimation/install/control_estimation/share/control_estimation/package.zsh'
[14.494s] Level 1:colcon.colcon_core.environment:create_file_with_runtime_dependencies(/home/alve/control-sp/control_ws/control_estimation/install/control_estimation/share/colcon-core/packages/control_estimation)
[14.494s] DEBUG:colcon.colcon_parallel_executor.executor.parallel:closing loop
[14.494s] DEBUG:colcon.colcon_parallel_executor.executor.parallel:loop closed
[14.494s] DEBUG:colcon.colcon_parallel_executor.executor.parallel:run_until_complete finished with '0'
[14.495s] DEBUG:colcon.colcon_core.event_reactor:joining thread
[14.497s] INFO:colcon.colcon_core.plugin_system:Skipping extension 'colcon_notification.desktop_notification.terminal_notifier': Not used on non-Darwin systems
[14.497s] INFO:colcon.colcon_core.plugin_system:Skipping extension 'colcon_notification.desktop_notification.win32': Not used on non-Windows systems
[14.497s] INFO:colcon.colcon_notification.desktop_notification:Sending desktop notification using 'notify2'
[14.506s] DEBUG:colcon.colcon_core.event_reactor:joined thread
[14.506s] INFO:colcon.colcon_core.shell:Creating prefix script '/home/alve/control-sp/control_ws/control_estimation/install/local_setup.ps1'
[14.506s] INFO:colcon.colcon_core.shell:Creating prefix util module '/home/alve/control-sp/control_ws/control_estimation/install/_local_setup_util_ps1.py'
[14.507s] INFO:colcon.colcon_core.shell:Creating prefix chain script '/home/alve/control-sp/control_ws/control_estimation/install/setup.ps1'
[14.508s] INFO:colcon.colcon_core.shell:Creating prefix script '/home/alve/control-sp/control_ws/control_estimation/install/local_setup.sh'
[14.508s] INFO:colcon.colcon_core.shell:Creating prefix util module '/home/alve/control-sp/control_ws/control_estimation/install/_local_setup_util_sh.py'
[14.508s] INFO:colcon.colcon_core.shell:Creating prefix chain script '/home/alve/control-sp/control_ws/control_estimation/install/setup.sh'
[14.509s] INFO:colcon.colcon_core.shell:Creating prefix script '/home/alve/control-sp/control_ws/control_estimation/install/local_setup.bash'
[14.509s] INFO:colcon.colcon_core.shell:Creating prefix chain script '/home/alve/control-sp/control_ws/control_estimation/install/setup.bash'
[14.509s] INFO:colcon.colcon_core.shell:Creating prefix script '/home/alve/control-sp/control_ws/control_estimation/install/local_setup.zsh'
[14.510s] INFO:colcon.colcon_core.shell:Creating prefix chain script '/home/alve/control-sp/control_ws/control_estimation/install/setup.zsh'
