[0.006s] Invoking command in '/home/alve/control-sp/control_ws/control_estimation/build/control_estimation': CMAKE_PREFIX_PATH=${CMAKE_PREFIX_PATH}:/home/alve/control-sp/control_ws/install/mapper:/opt/ros/humble /usr/bin/cmake /home/alve/control-sp/control_ws/control_estimation -DCMAKE_INSTALL_PREFIX=/home/alve/control-sp/control_ws/control_estimation/install/control_estimation
[0.013s] -- Found ament_cmake: 1.3.9 (/opt/ros/humble/share/ament_cmake/cmake)
[0.081s] -- Override CMake install command with custom implementation using symlinks instead of copying resources
[0.084s] -- Found rclcpp: 16.0.9 (/opt/ros/humble/share/rclcpp/cmake)
[0.100s] -- Found rosidl_generator_c: 3.1.5 (/opt/ros/humble/share/rosidl_generator_c/cmake)
[0.101s] -- Found rosidl_adapter: 3.1.5 (/opt/ros/humble/share/rosidl_adapter/cmake)
[0.104s] -- Found rosidl_generator_cpp: 3.1.5 (/opt/ros/humble/share/rosidl_generator_cpp/cmake)
[0.110s] -- Using all available rosidl_typesupport_c: rosidl_typesupport_fastrtps_c;rosidl_typesupport_introspection_c
[0.118s] -- Using all available rosidl_typesupport_cpp: rosidl_typesupport_fastrtps_cpp;rosidl_typesupport_introspection_cpp
[0.149s] -- Found rmw_implementation_cmake: 6.1.2 (/opt/ros/humble/share/rmw_implementation_cmake/cmake)
[0.149s] -- Found rmw_fastrtps_cpp: 6.2.6 (/opt/ros/humble/share/rmw_fastrtps_cpp/cmake)
[0.211s] -- Using RMW implementation 'rmw_fastrtps_cpp' as default
[0.294s] -- Found ament_lint_auto: 0.12.11 (/opt/ros/humble/share/ament_lint_auto/cmake)
[0.336s] -- Added test 'cppcheck' to perform static code analysis on C / C++ code
[0.336s] -- Configured cppcheck include dirs: 
[0.336s] -- Configured cppcheck exclude dirs and/or files: 
[0.337s] -- Added test 'flake8' to check Python code syntax and style conventions
[0.338s] -- Added test 'lint_cmake' to check CMake code style
[0.339s] -- Added test 'pep257' to check Python code against some of the docstring style conventions in PEP 257
[0.343s] -- Added test 'uncrustify' to check C / C++ code style
[0.343s] -- Configured uncrustify additional arguments: 
[0.344s] -- Added test 'xmllint' to check XML markup files
[0.344s] -- Configuring done
[0.348s] -- Generating done
[0.349s] -- Build files have been written to: /home/alve/control-sp/control_ws/control_estimation/build/control_estimation
[0.356s] Invoked command in '/home/alve/control-sp/control_ws/control_estimation/build/control_estimation' returned '0': CMAKE_PREFIX_PATH=${CMAKE_PREFIX_PATH}:/home/alve/control-sp/control_ws/install/mapper:/opt/ros/humble /usr/bin/cmake /home/alve/control-sp/control_ws/control_estimation -DCMAKE_INSTALL_PREFIX=/home/alve/control-sp/control_ws/control_estimation/install/control_estimation
[0.356s] Invoking command in '/home/alve/control-sp/control_ws/control_estimation/build/control_estimation': CMAKE_PREFIX_PATH=${CMAKE_PREFIX_PATH}:/home/alve/control-sp/control_ws/install/mapper:/opt/ros/humble /usr/bin/cmake --build /home/alve/control-sp/control_ws/control_estimation/build/control_estimation -- -j20 -l20
[0.376s] [35m[1mConsolidate compiler generated dependencies of target estimation[0m
[0.385s] [ 50%] [32mBuilding CXX object CMakeFiles/estimation.dir/src/estimation.cpp.o[0m
[0.482s] [01m[K/home/alve/control-sp/control_ws/control_estimation/src/estimation.cpp:5:10:[m[K [01;31m[Kfatal error: [m[Kvisualization_msgs/msg/marker.hpp: No such file or directory
[0.482s]     5 | #include [01;31m[K"visualization_msgs/msg/marker.hpp"[m[K
[0.482s]       |          [01;31m[K^~~~~~~~~~~~~~~~~~~~~~~~~~~~~~~~~~~[m[K
[0.482s] compilation terminated.
[0.492s] gmake[2]: *** [CMakeFiles/estimation.dir/build.make:76: CMakeFiles/estimation.dir/src/estimation.cpp.o] Error 1
[0.492s] gmake[1]: *** [CMakeFiles/Makefile2:137: CMakeFiles/estimation.dir/all] Error 2
[0.492s] gmake: *** [Makefile:146: all] Error 2
[0.495s] Invoked command in '/home/alve/control-sp/control_ws/control_estimation/build/control_estimation' returned '2': CMAKE_PREFIX_PATH=${CMAKE_PREFIX_PATH}:/home/alve/control-sp/control_ws/install/mapper:/opt/ros/humble /usr/bin/cmake --build /home/alve/control-sp/control_ws/control_estimation/build/control_estimation -- -j20 -l20
